This is pdfTeX, Version 3.141592653-2.6-1.40.22 (TeX Live 2021) (preloaded format=pdflatex 2021.12.13)  30 AUG 2025 19:56
entering extended mode
 restricted \write18 enabled.
 file:line:error style messages enabled.
 %&-line parsing enabled.
**main.tex
(./main.tex
LaTeX2e <2020-10-01> patch level 4
L3 programming layer <2021-02-18>
(/usr/local/texlive/2021/texmf-dist/tex/latex/base/article.cls
Document Class: article 2020/04/10 v1.4m Standard LaTeX document class
(/usr/local/texlive/2021/texmf-dist/tex/latex/base/size10.clo
File: size10.clo 2020/04/10 v1.4m Standard LaTeX file (size option)
)
\c@part=\count179
\c@section=\count180
\c@subsection=\count181
\c@subsubsection=\count182
\c@paragraph=\count183
\c@subparagraph=\count184
\c@figure=\count185
\c@table=\count186
\abovecaptionskip=\skip47
\belowcaptionskip=\skip48
\bibindent=\dimen138
)
(/usr/local/texlive/2021/texmf-dist/tex/latex/parskip/parskip.sty
Package: parskip 2021-03-14 v2.0h non-zero parskip adjustments

(/usr/local/texlive/2021/texmf-dist/tex/latex/kvoptions/kvoptions.sty
Package: kvoptions 2020-10-07 v3.14 Key value format for package options (HO)

(/usr/local/texlive/2021/texmf-dist/tex/latex/graphics/keyval.sty
Package: keyval 2014/10/28 v1.15 key=value parser (DPC)
\KV@toks@=\toks15
)
(/usr/local/texlive/2021/texmf-dist/tex/generic/ltxcmds/ltxcmds.sty
Package: ltxcmds 2020-05-10 v1.25 LaTeX kernel commands for general use (HO)
)
(/usr/local/texlive/2021/texmf-dist/tex/generic/kvsetkeys/kvsetkeys.sty
Package: kvsetkeys 2019/12/15 v1.18 Key value parser (HO)
))
(/usr/local/texlive/2021/texmf-dist/tex/latex/etoolbox/etoolbox.sty
Package: etoolbox 2020/10/05 v2.5k e-TeX tools for LaTeX (JAW)
\etb@tempcnta=\count187
))
(/usr/local/texlive/2021/texmf-dist/tex/latex/enumitem/enumitem.sty
Package: enumitem 2019/06/20 v3.9 Customized lists
\labelindent=\skip49
\enit@outerparindent=\dimen139
\enit@toks=\toks16
\enit@inbox=\box47
\enit@count@id=\count188
\enitdp@description=\count189
)
(/usr/local/texlive/2021/texmf-dist/tex/latex/graphics/graphicx.sty
Package: graphicx 2020/09/09 v1.2b Enhanced LaTeX Graphics (DPC,SPQR)

(/usr/local/texlive/2021/texmf-dist/tex/latex/graphics/graphics.sty
Package: graphics 2020/08/30 v1.4c Standard LaTeX Graphics (DPC,SPQR)

(/usr/local/texlive/2021/texmf-dist/tex/latex/graphics/trig.sty
Package: trig 2016/01/03 v1.10 sin cos tan (DPC)
)
(/usr/local/texlive/2021/texmf-dist/tex/latex/graphics-cfg/graphics.cfg
File: graphics.cfg 2016/06/04 v1.11 sample graphics configuration
)
Package graphics Info: Driver file: pdftex.def on input line 105.

(/usr/local/texlive/2021/texmf-dist/tex/latex/graphics-def/pdftex.def
File: pdftex.def 2020/10/05 v1.2a Graphics/color driver for pdftex
))
\Gin@req@height=\dimen140
\Gin@req@width=\dimen141
)
(/usr/local/texlive/2021/texmf-dist/tex/latex/amsmath/amsmath.sty
Package: amsmath 2020/09/23 v2.17i AMS math features
\@mathmargin=\skip50

For additional information on amsmath, use the `?' option.
(/usr/local/texlive/2021/texmf-dist/tex/latex/amsmath/amstext.sty
Package: amstext 2000/06/29 v2.01 AMS text

(/usr/local/texlive/2021/texmf-dist/tex/latex/amsmath/amsgen.sty
File: amsgen.sty 1999/11/30 v2.0 generic functions
\@emptytoks=\toks17
\ex@=\dimen142
))
(/usr/local/texlive/2021/texmf-dist/tex/latex/amsmath/amsbsy.sty
Package: amsbsy 1999/11/29 v1.2d Bold Symbols
\pmbraise@=\dimen143
)
(/usr/local/texlive/2021/texmf-dist/tex/latex/amsmath/amsopn.sty
Package: amsopn 2016/03/08 v2.02 operator names
)
\inf@bad=\count190
LaTeX Info: Redefining \frac on input line 234.
\uproot@=\count191
\leftroot@=\count192
LaTeX Info: Redefining \overline on input line 399.
\classnum@=\count193
\DOTSCASE@=\count194
LaTeX Info: Redefining \ldots on input line 496.
LaTeX Info: Redefining \dots on input line 499.
LaTeX Info: Redefining \cdots on input line 620.
\Mathstrutbox@=\box48
\strutbox@=\box49
\big@size=\dimen144
LaTeX Font Info:    Redeclaring font encoding OML on input line 743.
LaTeX Font Info:    Redeclaring font encoding OMS on input line 744.
\macc@depth=\count195
\c@MaxMatrixCols=\count196
\dotsspace@=\muskip16
\c@parentequation=\count197
\dspbrk@lvl=\count198
\tag@help=\toks18
\row@=\count199
\column@=\count266
\maxfields@=\count267
\andhelp@=\toks19
\eqnshift@=\dimen145
\alignsep@=\dimen146
\tagshift@=\dimen147
\tagwidth@=\dimen148
\totwidth@=\dimen149
\lineht@=\dimen150
\@envbody=\toks20
\multlinegap=\skip51
\multlinetaggap=\skip52
\mathdisplay@stack=\toks21
LaTeX Info: Redefining \[ on input line 2923.
LaTeX Info: Redefining \] on input line 2924.
)
(/usr/local/texlive/2021/texmf-dist/tex/latex/amsfonts/amssymb.sty
Package: amssymb 2013/01/14 v3.01 AMS font symbols

(/usr/local/texlive/2021/texmf-dist/tex/latex/amsfonts/amsfonts.sty
Package: amsfonts 2013/01/14 v3.01 Basic AMSFonts support
\symAMSa=\mathgroup4
\symAMSb=\mathgroup5
LaTeX Font Info:    Redeclaring math symbol \hbar on input line 98.
LaTeX Font Info:    Overwriting math alphabet `\mathfrak' in version `bold'
(Font)                  U/euf/m/n --> U/euf/b/n on input line 106.
))
(/usr/local/texlive/2021/texmf-dist/tex/latex/caption/caption.sty
Package: caption 2020/10/26 v3.5g Customizing captions (AR)

(/usr/local/texlive/2021/texmf-dist/tex/latex/caption/caption3.sty
Package: caption3 2020/10/21 v2.2e caption3 kernel (AR)
\captionmargin=\dimen151
\captionmargin@=\dimen152
\captionwidth=\dimen153
\caption@tempdima=\dimen154
\caption@indent=\dimen155
\caption@parindent=\dimen156
\caption@hangindent=\dimen157
Package caption Info: Standard document class detected.
)
\c@caption@flags=\count268
\c@continuedfloat=\count269
)
(/usr/local/texlive/2021/texmf-dist/tex/latex/caption/subcaption.sty
Package: subcaption 2020/10/07 v1.3j Sub-captions (AR)
\c@subfigure=\count270
\c@subtable=\count271
)
(/usr/local/texlive/2021/texmf-dist/tex/latex/hyperref/hyperref.sty
Package: hyperref 2021-02-27 v7.00k Hypertext links for LaTeX

(/usr/local/texlive/2021/texmf-dist/tex/generic/iftex/iftex.sty
Package: iftex 2020/03/06 v1.0d TeX engine tests
)
(/usr/local/texlive/2021/texmf-dist/tex/generic/pdftexcmds/pdftexcmds.sty
Package: pdftexcmds 2020-06-27 v0.33 Utility functions of pdfTeX for LuaTeX (HO
)

(/usr/local/texlive/2021/texmf-dist/tex/generic/infwarerr/infwarerr.sty
Package: infwarerr 2019/12/03 v1.5 Providing info/warning/error messages (HO)
)
Package pdftexcmds Info: \pdf@primitive is available.
Package pdftexcmds Info: \pdf@ifprimitive is available.
Package pdftexcmds Info: \pdfdraftmode found.
)
(/usr/local/texlive/2021/texmf-dist/tex/generic/kvdefinekeys/kvdefinekeys.sty
Package: kvdefinekeys 2019-12-19 v1.6 Define keys (HO)
)
(/usr/local/texlive/2021/texmf-dist/tex/generic/pdfescape/pdfescape.sty
Package: pdfescape 2019/12/09 v1.15 Implements pdfTeX's escape features (HO)
)
(/usr/local/texlive/2021/texmf-dist/tex/latex/hycolor/hycolor.sty
Package: hycolor 2020-01-27 v1.10 Color options for hyperref/bookmark (HO)
)
(/usr/local/texlive/2021/texmf-dist/tex/latex/letltxmacro/letltxmacro.sty
Package: letltxmacro 2019/12/03 v1.6 Let assignment for LaTeX macros (HO)
)
(/usr/local/texlive/2021/texmf-dist/tex/latex/auxhook/auxhook.sty
Package: auxhook 2019-12-17 v1.6 Hooks for auxiliary files (HO)
)
\@linkdim=\dimen158
\Hy@linkcounter=\count272
\Hy@pagecounter=\count273

(/usr/local/texlive/2021/texmf-dist/tex/latex/hyperref/pd1enc.def
File: pd1enc.def 2021-02-27 v7.00k Hyperref: PDFDocEncoding definition (HO)
Now handling font encoding PD1 ...
... no UTF-8 mapping file for font encoding PD1
)
(/usr/local/texlive/2021/texmf-dist/tex/latex/hyperref/hyperref-langpatches.def
File: hyperref-langpatches.def 2021-02-27 v7.00k Hyperref: patches for babel la
nguages
) (/usr/local/texlive/2021/texmf-dist/tex/generic/intcalc/intcalc.sty
Package: intcalc 2019/12/15 v1.3 Expandable calculations with integers (HO)
)
(/usr/local/texlive/2021/texmf-dist/tex/generic/etexcmds/etexcmds.sty
Package: etexcmds 2019/12/15 v1.7 Avoid name clashes with e-TeX commands (HO)
)
\Hy@SavedSpaceFactor=\count274

(/usr/local/texlive/2021/texmf-dist/tex/latex/hyperref/puenc.def
File: puenc.def 2021-02-27 v7.00k Hyperref: PDF Unicode definition (HO)
Now handling font encoding PU ...
... no UTF-8 mapping file for font encoding PU
)
Package hyperref Info: Hyper figures OFF on input line 4192.
Package hyperref Info: Link nesting OFF on input line 4197.
Package hyperref Info: Hyper index ON on input line 4200.
Package hyperref Info: Plain pages OFF on input line 4207.
Package hyperref Info: Backreferencing OFF on input line 4212.
Package hyperref Info: Implicit mode ON; LaTeX internals redefined.
Package hyperref Info: Bookmarks ON on input line 4445.
\c@Hy@tempcnt=\count275

(/usr/local/texlive/2021/texmf-dist/tex/latex/url/url.sty
\Urlmuskip=\muskip17
Package: url 2013/09/16  ver 3.4  Verb mode for urls, etc.
)
LaTeX Info: Redefining \url on input line 4804.
\XeTeXLinkMargin=\dimen159

(/usr/local/texlive/2021/texmf-dist/tex/generic/bitset/bitset.sty
Package: bitset 2019/12/09 v1.3 Handle bit-vector datatype (HO)

(/usr/local/texlive/2021/texmf-dist/tex/generic/bigintcalc/bigintcalc.sty
Package: bigintcalc 2019/12/15 v1.5 Expandable calculations on big integers (HO
)
))
\Fld@menulength=\count276
\Field@Width=\dimen160
\Fld@charsize=\dimen161
Package hyperref Info: Hyper figures OFF on input line 6075.
Package hyperref Info: Link nesting OFF on input line 6080.
Package hyperref Info: Hyper index ON on input line 6083.
Package hyperref Info: backreferencing OFF on input line 6090.
Package hyperref Info: Link coloring OFF on input line 6095.
Package hyperref Info: Link coloring with OCG OFF on input line 6100.
Package hyperref Info: PDF/A mode OFF on input line 6105.
LaTeX Info: Redefining \ref on input line 6145.
LaTeX Info: Redefining \pageref on input line 6149.

(/usr/local/texlive/2021/texmf-dist/tex/latex/base/atbegshi-ltx.sty
Package: atbegshi-ltx 2020/08/17 v1.0a Emulation of the original atbegshi packa
ge
with kernel methods
)
\Hy@abspage=\count277
\c@Item=\count278
\c@Hfootnote=\count279
)
Package hyperref Info: Driver (autodetected): hpdftex.

(/usr/local/texlive/2021/texmf-dist/tex/latex/hyperref/hpdftex.def
File: hpdftex.def 2021-02-27 v7.00k Hyperref driver for pdfTeX

(/usr/local/texlive/2021/texmf-dist/tex/latex/base/atveryend-ltx.sty
Package: atveryend-ltx 2020/08/19 v1.0a Emulation of the original atvery packag
e
with kernel methods
)
\Fld@listcount=\count280
\c@bookmark@seq@number=\count281

(/usr/local/texlive/2021/texmf-dist/tex/latex/rerunfilecheck/rerunfilecheck.sty
Package: rerunfilecheck 2019/12/05 v1.9 Rerun checks for auxiliary files (HO)

(/usr/local/texlive/2021/texmf-dist/tex/generic/uniquecounter/uniquecounter.sty
Package: uniquecounter 2019/12/15 v1.4 Provide unlimited unique counter (HO)
)
Package uniquecounter Info: New unique counter `rerunfilecheck' on input line 2
86.
)
\Hy@SectionHShift=\skip53
) (/usr/local/texlive/2021/texmf-dist/tex/latex/booktabs/booktabs.sty
Package: booktabs 2020/01/12 v1.61803398 Publication quality tables
\heavyrulewidth=\dimen162
\lightrulewidth=\dimen163
\cmidrulewidth=\dimen164
\belowrulesep=\dimen165
\belowbottomsep=\dimen166
\aboverulesep=\dimen167
\abovetopsep=\dimen168
\cmidrulesep=\dimen169
\cmidrulekern=\dimen170
\defaultaddspace=\dimen171
\@cmidla=\count282
\@cmidlb=\count283
\@aboverulesep=\dimen172
\@belowrulesep=\dimen173
\@thisruleclass=\count284
\@lastruleclass=\count285
\@thisrulewidth=\dimen174
)
(/usr/local/texlive/2021/texmf-dist/tex/latex/changepage/changepage.sty
Package: changepage 2009/10/20 v1.0c check page and change page layout
\c@cp@cntr=\count286
\cp@tempcnt=\count287
)
(/usr/local/texlive/2021/texmf-dist/tex/latex/multirow/multirow.sty
Package: multirow 2021/03/15 v2.8 Span multiple rows of a table
\multirow@colwidth=\skip54
\multirow@cntb=\count288
\multirow@dima=\skip55
\bigstrutjot=\dimen175
)
(/usr/local/texlive/2021/texmf-dist/tex/latex/pgfplots/pgfplots.sty
(/usr/local/texlive/2021/texmf-dist/tex/generic/pgfplots/pgfplots.revision.tex)
Package: pgfplots 2020/02/29 v1.17 Data Visualization (1.17)
(/usr/local/texlive/2021/texmf-dist/tex/latex/pgf/frontendlayer/tikz.sty
(/usr/local/texlive/2021/texmf-dist/tex/latex/pgf/basiclayer/pgf.sty
(/usr/local/texlive/2021/texmf-dist/tex/latex/pgf/utilities/pgfrcs.sty
(/usr/local/texlive/2021/texmf-dist/tex/generic/pgf/utilities/pgfutil-common.te
x
\pgfutil@everybye=\toks22
\pgfutil@tempdima=\dimen176
\pgfutil@tempdimb=\dimen177

(/usr/local/texlive/2021/texmf-dist/tex/generic/pgf/utilities/pgfutil-common-li
sts.tex))
(/usr/local/texlive/2021/texmf-dist/tex/generic/pgf/utilities/pgfutil-latex.def
\pgfutil@abb=\box50
) (/usr/local/texlive/2021/texmf-dist/tex/generic/pgf/utilities/pgfrcs.code.tex
(/usr/local/texlive/2021/texmf-dist/tex/generic/pgf/pgf.revision.tex)
Package: pgfrcs 2020/12/27 v3.1.8b (3.1.8b)
))
Package: pgf 2020/12/27 v3.1.8b (3.1.8b)

(/usr/local/texlive/2021/texmf-dist/tex/latex/pgf/basiclayer/pgfcore.sty
(/usr/local/texlive/2021/texmf-dist/tex/latex/pgf/systemlayer/pgfsys.sty
(/usr/local/texlive/2021/texmf-dist/tex/generic/pgf/systemlayer/pgfsys.code.tex
Package: pgfsys 2020/12/27 v3.1.8b (3.1.8b)
(/usr/local/texlive/2021/texmf-dist/tex/generic/pgf/utilities/pgfkeys.code.tex
\pgfkeys@pathtoks=\toks23
\pgfkeys@temptoks=\toks24

(/usr/local/texlive/2021/texmf-dist/tex/generic/pgf/utilities/pgfkeysfiltered.c
ode.tex
\pgfkeys@tmptoks=\toks25
))
\pgf@x=\dimen178
\pgf@y=\dimen179
\pgf@xa=\dimen180
\pgf@ya=\dimen181
\pgf@xb=\dimen182
\pgf@yb=\dimen183
\pgf@xc=\dimen184
\pgf@yc=\dimen185
\pgf@xd=\dimen186
\pgf@yd=\dimen187
\w@pgf@writea=\write3
\r@pgf@reada=\read2
\c@pgf@counta=\count289
\c@pgf@countb=\count290
\c@pgf@countc=\count291
\c@pgf@countd=\count292
\t@pgf@toka=\toks26
\t@pgf@tokb=\toks27
\t@pgf@tokc=\toks28
\pgf@sys@id@count=\count293

(/usr/local/texlive/2021/texmf-dist/tex/generic/pgf/systemlayer/pgf.cfg
File: pgf.cfg 2020/12/27 v3.1.8b (3.1.8b)
)
Driver file for pgf: pgfsys-pdftex.def

(/usr/local/texlive/2021/texmf-dist/tex/generic/pgf/systemlayer/pgfsys-pdftex.d
ef
File: pgfsys-pdftex.def 2020/12/27 v3.1.8b (3.1.8b)

(/usr/local/texlive/2021/texmf-dist/tex/generic/pgf/systemlayer/pgfsys-common-p
df.def
File: pgfsys-common-pdf.def 2020/12/27 v3.1.8b (3.1.8b)
)))
(/usr/local/texlive/2021/texmf-dist/tex/generic/pgf/systemlayer/pgfsyssoftpath.
code.tex
File: pgfsyssoftpath.code.tex 2020/12/27 v3.1.8b (3.1.8b)
\pgfsyssoftpath@smallbuffer@items=\count294
\pgfsyssoftpath@bigbuffer@items=\count295
)
(/usr/local/texlive/2021/texmf-dist/tex/generic/pgf/systemlayer/pgfsysprotocol.
code.tex
File: pgfsysprotocol.code.tex 2020/12/27 v3.1.8b (3.1.8b)
)) (/usr/local/texlive/2021/texmf-dist/tex/latex/xcolor/xcolor.sty
Package: xcolor 2016/05/11 v2.12 LaTeX color extensions (UK)

(/usr/local/texlive/2021/texmf-dist/tex/latex/graphics-cfg/color.cfg
File: color.cfg 2016/01/02 v1.6 sample color configuration
)
Package xcolor Info: Driver file: pdftex.def on input line 225.
Package xcolor Info: Model `cmy' substituted by `cmy0' on input line 1348.
Package xcolor Info: Model `hsb' substituted by `rgb' on input line 1352.
Package xcolor Info: Model `RGB' extended on input line 1364.
Package xcolor Info: Model `HTML' substituted by `rgb' on input line 1366.
Package xcolor Info: Model `Hsb' substituted by `hsb' on input line 1367.
Package xcolor Info: Model `tHsb' substituted by `hsb' on input line 1368.
Package xcolor Info: Model `HSB' substituted by `hsb' on input line 1369.
Package xcolor Info: Model `Gray' substituted by `gray' on input line 1370.
Package xcolor Info: Model `wave' substituted by `hsb' on input line 1371.
)
(/usr/local/texlive/2021/texmf-dist/tex/generic/pgf/basiclayer/pgfcore.code.tex
Package: pgfcore 2020/12/27 v3.1.8b (3.1.8b)
(/usr/local/texlive/2021/texmf-dist/tex/generic/pgf/math/pgfmath.code.tex
(/usr/local/texlive/2021/texmf-dist/tex/generic/pgf/math/pgfmathcalc.code.tex
(/usr/local/texlive/2021/texmf-dist/tex/generic/pgf/math/pgfmathutil.code.tex)
(/usr/local/texlive/2021/texmf-dist/tex/generic/pgf/math/pgfmathparser.code.tex
\pgfmath@dimen=\dimen188
\pgfmath@count=\count296
\pgfmath@box=\box51
\pgfmath@toks=\toks29
\pgfmath@stack@operand=\toks30
\pgfmath@stack@operation=\toks31
)
(/usr/local/texlive/2021/texmf-dist/tex/generic/pgf/math/pgfmathfunctions.code.
tex
(/usr/local/texlive/2021/texmf-dist/tex/generic/pgf/math/pgfmathfunctions.basic
.code.tex)
(/usr/local/texlive/2021/texmf-dist/tex/generic/pgf/math/pgfmathfunctions.trigo
nometric.code.tex)
(/usr/local/texlive/2021/texmf-dist/tex/generic/pgf/math/pgfmathfunctions.rando
m.code.tex)
(/usr/local/texlive/2021/texmf-dist/tex/generic/pgf/math/pgfmathfunctions.compa
rison.code.tex)
(/usr/local/texlive/2021/texmf-dist/tex/generic/pgf/math/pgfmathfunctions.base.
code.tex)
(/usr/local/texlive/2021/texmf-dist/tex/generic/pgf/math/pgfmathfunctions.round
.code.tex)
(/usr/local/texlive/2021/texmf-dist/tex/generic/pgf/math/pgfmathfunctions.misc.
code.tex)
(/usr/local/texlive/2021/texmf-dist/tex/generic/pgf/math/pgfmathfunctions.integ
erarithmetics.code.tex)))
(/usr/local/texlive/2021/texmf-dist/tex/generic/pgf/math/pgfmathfloat.code.tex
\c@pgfmathroundto@lastzeros=\count297
)) (/usr/local/texlive/2021/texmf-dist/tex/generic/pgf/math/pgfint.code.tex)
(/usr/local/texlive/2021/texmf-dist/tex/generic/pgf/basiclayer/pgfcorepoints.co
de.tex
File: pgfcorepoints.code.tex 2020/12/27 v3.1.8b (3.1.8b)
\pgf@picminx=\dimen189
\pgf@picmaxx=\dimen190
\pgf@picminy=\dimen191
\pgf@picmaxy=\dimen192
\pgf@pathminx=\dimen193
\pgf@pathmaxx=\dimen194
\pgf@pathminy=\dimen195
\pgf@pathmaxy=\dimen196
\pgf@xx=\dimen197
\pgf@xy=\dimen198
\pgf@yx=\dimen199
\pgf@yy=\dimen256
\pgf@zx=\dimen257
\pgf@zy=\dimen258
)
(/usr/local/texlive/2021/texmf-dist/tex/generic/pgf/basiclayer/pgfcorepathconst
ruct.code.tex
File: pgfcorepathconstruct.code.tex 2020/12/27 v3.1.8b (3.1.8b)
\pgf@path@lastx=\dimen259
\pgf@path@lasty=\dimen260
)
(/usr/local/texlive/2021/texmf-dist/tex/generic/pgf/basiclayer/pgfcorepathusage
.code.tex
File: pgfcorepathusage.code.tex 2020/12/27 v3.1.8b (3.1.8b)
\pgf@shorten@end@additional=\dimen261
\pgf@shorten@start@additional=\dimen262
)
(/usr/local/texlive/2021/texmf-dist/tex/generic/pgf/basiclayer/pgfcorescopes.co
de.tex
File: pgfcorescopes.code.tex 2020/12/27 v3.1.8b (3.1.8b)
\pgfpic=\box52
\pgf@hbox=\box53
\pgf@layerbox@main=\box54
\pgf@picture@serial@count=\count298
)
(/usr/local/texlive/2021/texmf-dist/tex/generic/pgf/basiclayer/pgfcoregraphicst
ate.code.tex
File: pgfcoregraphicstate.code.tex 2020/12/27 v3.1.8b (3.1.8b)
\pgflinewidth=\dimen263
)
(/usr/local/texlive/2021/texmf-dist/tex/generic/pgf/basiclayer/pgfcoretransform
ations.code.tex
File: pgfcoretransformations.code.tex 2020/12/27 v3.1.8b (3.1.8b)
\pgf@pt@x=\dimen264
\pgf@pt@y=\dimen265
\pgf@pt@temp=\dimen266
)
(/usr/local/texlive/2021/texmf-dist/tex/generic/pgf/basiclayer/pgfcorequick.cod
e.tex
File: pgfcorequick.code.tex 2020/12/27 v3.1.8b (3.1.8b)
)
(/usr/local/texlive/2021/texmf-dist/tex/generic/pgf/basiclayer/pgfcoreobjects.c
ode.tex
File: pgfcoreobjects.code.tex 2020/12/27 v3.1.8b (3.1.8b)
)
(/usr/local/texlive/2021/texmf-dist/tex/generic/pgf/basiclayer/pgfcorepathproce
ssing.code.tex
File: pgfcorepathprocessing.code.tex 2020/12/27 v3.1.8b (3.1.8b)
)
(/usr/local/texlive/2021/texmf-dist/tex/generic/pgf/basiclayer/pgfcorearrows.co
de.tex
File: pgfcorearrows.code.tex 2020/12/27 v3.1.8b (3.1.8b)
\pgfarrowsep=\dimen267
)
(/usr/local/texlive/2021/texmf-dist/tex/generic/pgf/basiclayer/pgfcoreshade.cod
e.tex
File: pgfcoreshade.code.tex 2020/12/27 v3.1.8b (3.1.8b)
\pgf@max=\dimen268
\pgf@sys@shading@range@num=\count299
\pgf@shadingcount=\count300
)
(/usr/local/texlive/2021/texmf-dist/tex/generic/pgf/basiclayer/pgfcoreimage.cod
e.tex
File: pgfcoreimage.code.tex 2020/12/27 v3.1.8b (3.1.8b)

(/usr/local/texlive/2021/texmf-dist/tex/generic/pgf/basiclayer/pgfcoreexternal.
code.tex
File: pgfcoreexternal.code.tex 2020/12/27 v3.1.8b (3.1.8b)
\pgfexternal@startupbox=\box55
))
(/usr/local/texlive/2021/texmf-dist/tex/generic/pgf/basiclayer/pgfcorelayers.co
de.tex
File: pgfcorelayers.code.tex 2020/12/27 v3.1.8b (3.1.8b)
)
(/usr/local/texlive/2021/texmf-dist/tex/generic/pgf/basiclayer/pgfcoretranspare
ncy.code.tex
File: pgfcoretransparency.code.tex 2020/12/27 v3.1.8b (3.1.8b)
)
(/usr/local/texlive/2021/texmf-dist/tex/generic/pgf/basiclayer/pgfcorepatterns.
code.tex
File: pgfcorepatterns.code.tex 2020/12/27 v3.1.8b (3.1.8b)
)
(/usr/local/texlive/2021/texmf-dist/tex/generic/pgf/basiclayer/pgfcorerdf.code.
tex
File: pgfcorerdf.code.tex 2020/12/27 v3.1.8b (3.1.8b)
)))
(/usr/local/texlive/2021/texmf-dist/tex/generic/pgf/modules/pgfmoduleshapes.cod
e.tex
File: pgfmoduleshapes.code.tex 2020/12/27 v3.1.8b (3.1.8b)
\pgfnodeparttextbox=\box56
)
(/usr/local/texlive/2021/texmf-dist/tex/generic/pgf/modules/pgfmoduleplot.code.
tex
File: pgfmoduleplot.code.tex 2020/12/27 v3.1.8b (3.1.8b)
)
(/usr/local/texlive/2021/texmf-dist/tex/latex/pgf/compatibility/pgfcomp-version
-0-65.sty
Package: pgfcomp-version-0-65 2020/12/27 v3.1.8b (3.1.8b)
\pgf@nodesepstart=\dimen269
\pgf@nodesepend=\dimen270
)
(/usr/local/texlive/2021/texmf-dist/tex/latex/pgf/compatibility/pgfcomp-version
-1-18.sty
Package: pgfcomp-version-1-18 2020/12/27 v3.1.8b (3.1.8b)
))
(/usr/local/texlive/2021/texmf-dist/tex/latex/pgf/utilities/pgffor.sty
(/usr/local/texlive/2021/texmf-dist/tex/latex/pgf/utilities/pgfkeys.sty
(/usr/local/texlive/2021/texmf-dist/tex/generic/pgf/utilities/pgfkeys.code.tex)
) (/usr/local/texlive/2021/texmf-dist/tex/latex/pgf/math/pgfmath.sty
(/usr/local/texlive/2021/texmf-dist/tex/generic/pgf/math/pgfmath.code.tex))
(/usr/local/texlive/2021/texmf-dist/tex/generic/pgf/utilities/pgffor.code.tex
Package: pgffor 2020/12/27 v3.1.8b (3.1.8b)

(/usr/local/texlive/2021/texmf-dist/tex/generic/pgf/math/pgfmath.code.tex)
\pgffor@iter=\dimen271
\pgffor@skip=\dimen272
\pgffor@stack=\toks32
\pgffor@toks=\toks33
))
(/usr/local/texlive/2021/texmf-dist/tex/generic/pgf/frontendlayer/tikz/tikz.cod
e.tex
Package: tikz 2020/12/27 v3.1.8b (3.1.8b)

(/usr/local/texlive/2021/texmf-dist/tex/generic/pgf/libraries/pgflibraryplothan
dlers.code.tex
File: pgflibraryplothandlers.code.tex 2020/12/27 v3.1.8b (3.1.8b)
\pgf@plot@mark@count=\count301
\pgfplotmarksize=\dimen273
)
\tikz@lastx=\dimen274
\tikz@lasty=\dimen275
\tikz@lastxsaved=\dimen276
\tikz@lastysaved=\dimen277
\tikz@lastmovetox=\dimen278
\tikz@lastmovetoy=\dimen279
\tikzleveldistance=\dimen280
\tikzsiblingdistance=\dimen281
\tikz@figbox=\box57
\tikz@figbox@bg=\box58
\tikz@tempbox=\box59
\tikz@tempbox@bg=\box60
\tikztreelevel=\count302
\tikznumberofchildren=\count303
\tikznumberofcurrentchild=\count304
\tikz@fig@count=\count305

(/usr/local/texlive/2021/texmf-dist/tex/generic/pgf/modules/pgfmodulematrix.cod
e.tex
File: pgfmodulematrix.code.tex 2020/12/27 v3.1.8b (3.1.8b)
\pgfmatrixcurrentrow=\count306
\pgfmatrixcurrentcolumn=\count307
\pgf@matrix@numberofcolumns=\count308
)
\tikz@expandcount=\count309

(/usr/local/texlive/2021/texmf-dist/tex/generic/pgf/frontendlayer/tikz/librarie
s/tikzlibrarytopaths.code.tex
File: tikzlibrarytopaths.code.tex 2020/12/27 v3.1.8b (3.1.8b)
)))
(/usr/local/texlive/2021/texmf-dist/tex/generic/pgfplots/pgfplots.code.tex
(/usr/local/texlive/2021/texmf-dist/tex/generic/pgfplots/pgfplotscore.code.tex
\t@pgfplots@toka=\toks34
\t@pgfplots@tokb=\toks35
\t@pgfplots@tokc=\toks36
\pgfplots@tmpa=\dimen282
\c@pgfplots@coordindex=\count310
\c@pgfplots@scanlineindex=\count311

(/usr/local/texlive/2021/texmf-dist/tex/generic/pgfplots/sys/pgfplotssysgeneric
.code.tex))
(/usr/local/texlive/2021/texmf-dist/tex/generic/pgfplots/libs/pgfplotslibrary.c
ode.tex)
(/usr/local/texlive/2021/texmf-dist/tex/generic/pgfplots/oldpgfcompatib/pgfplot
soldpgfsupp_loader.code.tex
(/usr/local/texlive/2021/texmf-dist/tex/generic/pgf/libraries/pgflibraryfpu.cod
e.tex))
(/usr/local/texlive/2021/texmf-dist/tex/generic/pgfplots/util/pgfplotsutil.code
.tex
(/usr/local/texlive/2021/texmf-dist/tex/generic/pgfplots/liststructure/pgfplots
liststructure.code.tex)
(/usr/local/texlive/2021/texmf-dist/tex/generic/pgfplots/liststructure/pgfplots
liststructureext.code.tex)
(/usr/local/texlive/2021/texmf-dist/tex/generic/pgfplots/liststructure/pgfplots
array.code.tex
\c@pgfplotsarray@tmp=\count312
)
(/usr/local/texlive/2021/texmf-dist/tex/generic/pgfplots/liststructure/pgfplots
matrix.code.tex)
(/usr/local/texlive/2021/texmf-dist/tex/generic/pgfplots/numtable/pgfplotstable
shared.code.tex
\c@pgfplotstable@counta=\count313
\t@pgfplotstable@a=\toks37
)
(/usr/local/texlive/2021/texmf-dist/tex/generic/pgfplots/liststructure/pgfplots
deque.code.tex)
(/usr/local/texlive/2021/texmf-dist/tex/generic/pgfplots/util/pgfplotsbinary.co
de.tex
(/usr/local/texlive/2021/texmf-dist/tex/generic/pgfplots/util/pgfplotsbinary.da
ta.code.tex))
(/usr/local/texlive/2021/texmf-dist/tex/generic/pgfplots/util/pgfplotsutil.verb
.code.tex)
(/usr/local/texlive/2021/texmf-dist/tex/generic/pgfplots/libs/pgflibrarypgfplot
s.surfshading.code.tex
\c@pgfplotslibrarysurf@no=\count314

(/usr/local/texlive/2021/texmf-dist/tex/generic/pgfplots/sys/pgflibrarypgfplots
.surfshading.pgfsys-pdftex.def)))
(/usr/local/texlive/2021/texmf-dist/tex/generic/pgfplots/util/pgfplotscolormap.
code.tex
(/usr/local/texlive/2021/texmf-dist/tex/generic/pgfplots/util/pgfplotscolor.cod
e.tex))
(/usr/local/texlive/2021/texmf-dist/tex/generic/pgfplots/pgfplotsstackedplots.c
ode.tex)
(/usr/local/texlive/2021/texmf-dist/tex/generic/pgfplots/pgfplotsplothandlers.c
ode.tex
(/usr/local/texlive/2021/texmf-dist/tex/generic/pgfplots/pgfplotsmeshplothandle
r.code.tex
(/usr/local/texlive/2021/texmf-dist/tex/generic/pgfplots/pgfplotsmeshplotimage.
code.tex)))
(/usr/local/texlive/2021/texmf-dist/tex/generic/pgfplots/pgfplots.scaling.code.
tex)
(/usr/local/texlive/2021/texmf-dist/tex/generic/pgfplots/pgfplotscoordprocessin
g.code.tex)
(/usr/local/texlive/2021/texmf-dist/tex/generic/pgfplots/pgfplots.errorbars.cod
e.tex)
(/usr/local/texlive/2021/texmf-dist/tex/generic/pgfplots/pgfplots.markers.code.
tex)
(/usr/local/texlive/2021/texmf-dist/tex/generic/pgfplots/pgfplotsticks.code.tex
)
(/usr/local/texlive/2021/texmf-dist/tex/generic/pgfplots/pgfplots.paths.code.te
x)
(/usr/local/texlive/2021/texmf-dist/tex/generic/pgf/frontendlayer/tikz/librarie
s/tikzlibrarydecorations.code.tex
(/usr/local/texlive/2021/texmf-dist/tex/generic/pgf/modules/pgfmoduledecoration
s.code.tex
\pgfdecoratedcompleteddistance=\dimen283
\pgfdecoratedremainingdistance=\dimen284
\pgfdecoratedinputsegmentcompleteddistance=\dimen285
\pgfdecoratedinputsegmentremainingdistance=\dimen286
\pgf@decorate@distancetomove=\dimen287
\pgf@decorate@repeatstate=\count315
\pgfdecorationsegmentamplitude=\dimen288
\pgfdecorationsegmentlength=\dimen289
)
\tikz@lib@dec@box=\box61
)
(/usr/local/texlive/2021/texmf-dist/tex/generic/pgf/frontendlayer/tikz/librarie
s/tikzlibrarydecorations.pathmorphing.code.tex
(/usr/local/texlive/2021/texmf-dist/tex/generic/pgf/libraries/decorations/pgfli
brarydecorations.pathmorphing.code.tex))
(/usr/local/texlive/2021/texmf-dist/tex/generic/pgf/frontendlayer/tikz/librarie
s/tikzlibrarydecorations.pathreplacing.code.tex
(/usr/local/texlive/2021/texmf-dist/tex/generic/pgf/libraries/decorations/pgfli
brarydecorations.pathreplacing.code.tex))
\pgfplots@numplots=\count316
\pgfplots@xmin@reg=\dimen290
\pgfplots@xmax@reg=\dimen291
\pgfplots@ymin@reg=\dimen292
\pgfplots@ymax@reg=\dimen293
\pgfplots@zmin@reg=\dimen294
\pgfplots@zmax@reg=\dimen295
)
(/usr/local/texlive/2021/texmf-dist/tex/generic/pgf/frontendlayer/tikz/librarie
s/tikzlibraryplotmarks.code.tex
File: tikzlibraryplotmarks.code.tex 2020/12/27 v3.1.8b (3.1.8b)

(/usr/local/texlive/2021/texmf-dist/tex/generic/pgf/libraries/pgflibraryplotmar
ks.code.tex
File: pgflibraryplotmarks.code.tex 2020/12/27 v3.1.8b (3.1.8b)
)))
(/usr/local/texlive/2021/texmf-dist/tex/latex/anyfontsize/anyfontsize.sty
Package: anyfontsize 2007/11/22 anyfontsize.sty by pts
)
(/usr/local/texlive/2021/texmf-dist/tex/latex/makecell/makecell.sty
Package: makecell 2009/08/03 V0.1e Managing of Tab Column Heads and Cells

(/usr/local/texlive/2021/texmf-dist/tex/latex/tools/array.sty
Package: array 2020/10/01 v2.5c Tabular extension package (FMi)
\col@sep=\dimen296
\ar@mcellbox=\box62
\extrarowheight=\dimen297
\NC@list=\toks38
\extratabsurround=\skip56
\backup@length=\skip57
\ar@cellbox=\box63
)
\rotheadsize=\dimen298
\c@nlinenum=\count317
\TeXr@lab=\toks39
)
(/usr/local/texlive/2021/texmf-dist/tex/generic/pgf/frontendlayer/tikz/librarie
s/tikzlibraryshapes.geometric.code.tex
File: tikzlibraryshapes.geometric.code.tex 2020/12/27 v3.1.8b (3.1.8b)

(/usr/local/texlive/2021/texmf-dist/tex/generic/pgf/libraries/shapes/pgflibrary
shapes.geometric.code.tex
File: pgflibraryshapes.geometric.code.tex 2020/12/27 v3.1.8b (3.1.8b)
))
(/usr/local/texlive/2021/texmf-dist/tex/latex/l3backend/l3backend-pdftex.def
File: l3backend-pdftex.def 2021-03-18 L3 backend support: PDF output (pdfTeX)
\l__color_backend_stack_int=\count318
\l__pdf_internal_box=\box64
)
(/Users/jh/Dropbox/Musique_sync/Theorie/JH_Methode_guitare/out/main.aux)
\openout1 = `main.aux'.

LaTeX Font Info:    Checking defaults for OML/cmm/m/it on input line 62.
LaTeX Font Info:    ... okay on input line 62.
LaTeX Font Info:    Checking defaults for OMS/cmsy/m/n on input line 62.
LaTeX Font Info:    ... okay on input line 62.
LaTeX Font Info:    Checking defaults for OT1/cmr/m/n on input line 62.
LaTeX Font Info:    ... okay on input line 62.
LaTeX Font Info:    Checking defaults for T1/cmr/m/n on input line 62.
LaTeX Font Info:    ... okay on input line 62.
LaTeX Font Info:    Checking defaults for TS1/cmr/m/n on input line 62.
LaTeX Font Info:    ... okay on input line 62.
LaTeX Font Info:    Checking defaults for OMX/cmex/m/n on input line 62.
LaTeX Font Info:    ... okay on input line 62.
LaTeX Font Info:    Checking defaults for U/cmr/m/n on input line 62.
LaTeX Font Info:    ... okay on input line 62.
LaTeX Font Info:    Checking defaults for PD1/pdf/m/n on input line 62.
LaTeX Font Info:    ... okay on input line 62.
LaTeX Font Info:    Checking defaults for PU/pdf/m/n on input line 62.
LaTeX Font Info:    ... okay on input line 62.

(/usr/local/texlive/2021/texmf-dist/tex/context/base/mkii/supp-pdf.mkii
[Loading MPS to PDF converter (version 2006.09.02).]
\scratchcounter=\count319
\scratchdimen=\dimen299
\scratchbox=\box65
\nofMPsegments=\count320
\nofMParguments=\count321
\everyMPshowfont=\toks40
\MPscratchCnt=\count322
\MPscratchDim=\dimen300
\MPnumerator=\count323
\makeMPintoPDFobject=\count324
\everyMPtoPDFconversion=\toks41
) (/usr/local/texlive/2021/texmf-dist/tex/latex/epstopdf-pkg/epstopdf-base.sty
Package: epstopdf-base 2020-01-24 v2.11 Base part for package epstopdf
Package epstopdf-base Info: Redefining graphics rule for `.eps' on input line 4
85.

(/usr/local/texlive/2021/texmf-dist/tex/latex/latexconfig/epstopdf-sys.cfg
File: epstopdf-sys.cfg 2010/07/13 v1.3 Configuration of (r)epstopdf for TeX Liv
e
))
Package caption Info: Begin \AtBeginDocument code.
Package caption Info: changepage package is loaded.
\caption@adjustwidth@hsize=\dimen301
\caption@adjustwidth@linewidth=\dimen302
Package caption Info: hyperref package is loaded.
Package caption Info: End \AtBeginDocument code.
Package hyperref Info: Link coloring OFF on input line 62.

(/usr/local/texlive/2021/texmf-dist/tex/latex/hyperref/nameref.sty
Package: nameref 2021-04-02 v2.47 Cross-referencing by name of section

(/usr/local/texlive/2021/texmf-dist/tex/latex/refcount/refcount.sty
Package: refcount 2019/12/15 v3.6 Data extraction from label references (HO)
)
(/usr/local/texlive/2021/texmf-dist/tex/generic/gettitlestring/gettitlestring.s
ty
Package: gettitlestring 2019/12/15 v1.6 Cleanup title references (HO)
)
\c@section@level=\count325
)
LaTeX Info: Redefining \ref on input line 62.
LaTeX Info: Redefining \pageref on input line 62.
LaTeX Info: Redefining \nameref on input line 62.
 (/Users/jh/Dropbox/Musique_sync/Theorie/JH_Methode_guitare/out/main.out)
(/Users/jh/Dropbox/Musique_sync/Theorie/JH_Methode_guitare/out/main.out)
\@outlinefile=\write4
\openout4 = `main.out'.



Package pgfplots Warning: running in backwards compatibility mode (unsuitable t
ick labels; missing features). Consider writing \pgfplotsset{compat=1.17} into 
your preamble.
 on input line 62.

LaTeX Font Info:    Trying to load font information for U+msa on input line 65.

(/usr/local/texlive/2021/texmf-dist/tex/latex/amsfonts/umsa.fd
File: umsa.fd 2013/01/14 v3.01 AMS symbols A
)
LaTeX Font Info:    Trying to load font information for U+msb on input line 65.


(/usr/local/texlive/2021/texmf-dist/tex/latex/amsfonts/umsb.fd
File: umsb.fd 2013/01/14 v3.01 AMS symbols B
) [1

{/usr/local/texlive/2021/texmf-var/fonts/map/pdftex/updmap/pdftex.map}]
(/Users/jh/Dropbox/Musique_sync/Theorie/JH_Methode_guitare/out/main.toc)
\tf@toc=\write5
\openout5 = `main.toc'.


[2] (./figures/serie_harmonique/main.tex

./figures/serie_harmonique/main.tex:1: LaTeX Error: Can be used only in preambl
e.

See the LaTeX manual or LaTeX Companion for explanation.
Type  H <return>  for immediate help.
 ...                                              
                                                  
l.1 \documentclass
                  {standalone}
Your command was ignored.
Type  I <command> <return>  to replace it with another command,
or  <return>  to continue without it.


./figures/serie_harmonique/main.tex:2: LaTeX Error: Can be used only in preambl
e.

See the LaTeX manual or LaTeX Companion for explanation.
Type  H <return>  for immediate help.
 ...                                              
                                                  
l.2 \usepackage
               {graphicx}
Your command was ignored.
Type  I <command> <return>  to replace it with another command,
or  <return>  to continue without it.


./figures/serie_harmonique/main.tex:3: LaTeX Error: Can be used only in preambl
e.

See the LaTeX manual or LaTeX Companion for explanation.
Type  H <return>  for immediate help.
 ...                                              
                                                  
l.3 \usepackage
               {tikz}
Your command was ignored.
Type  I <command> <return>  to replace it with another command,
or  <return>  to continue without it.


./figures/serie_harmonique/main.tex:4: LaTeX Error: Can be used only in preambl
e.

See the LaTeX manual or LaTeX Companion for explanation.
Type  H <return>  for immediate help.
 ...                                              
                                                  
l.4 \usepackage
               {pgfplots}
Your command was ignored.
Type  I <command> <return>  to replace it with another command,
or  <return>  to continue without it.


(/usr/local/texlive/2021/texmf-dist/tex/generic/pgfplots/libs/tikzlibrarypgfplo
ts.groupplots.code.tex
\pgfplots@group@current@plot=\count326
\pgfplots@group@current@row=\count327
\pgfplots@group@current@column=\count328

(/usr/local/texlive/2021/texmf-dist/tex/generic/pgf/frontendlayer/tikz/librarie
s/tikzlibrarycalc.code.tex
File: tikzlibrarycalc.code.tex 2020/12/27 v3.1.8b (3.1.8b)
))

./figures/serie_harmonique/main.tex:55: LaTeX Error: Can be used only in preamb
le.

See the LaTeX manual or LaTeX Companion for explanation.
Type  H <return>  for immediate help.
 ...                                              
                                                  
l.55 \begin{document}
                     
Your command was ignored.
Type  I <command> <return>  to replace it with another command,
or  <return>  to continue without it.

./figures/serie_harmonique/main.tex:1772: Improper \prevdepth.
\newpage ...everypar {}\fi \par \ifdim \prevdepth 
                                                  >\z@ \vskip -\ifdim \prevd...
l.1772 \end{document}
                     
You can refer to \spacefactor only in horizontal mode;
you can refer to \prevdepth only in vertical mode; and
neither of these is meaningful inside \write. So
I'm forgetting what you said and using zero instead.

./figures/serie_harmonique/main.tex:1772: Missing \endgroup inserted.
<inserted text> 
                \endgroup 
l.1772 \end{document}
                     
I've inserted something that you may have forgotten.
(See the <inserted text> above.)
With luck, this will get me unwedged. But if you
really didn't forget anything, try typing `2' now; then
my insertion and my current dilemma will both disappear.

./figures/serie_harmonique/main.tex:1772: Missing } inserted.
<inserted text> 
                }
l.1772 \end{document}
                     
I've inserted something that you may have forgotten.
(See the <inserted text> above.)
With luck, this will get me unwedged. But if you
really didn't forget anything, try typing `2' now; then
my insertion and my current dilemma will both disappear.

./figures/serie_harmonique/main.tex:1772: Missing } inserted.
<inserted text> 
                }
l.1772 \end{document}
                     
I've inserted something that you may have forgotten.
(See the <inserted text> above.)
With luck, this will get me unwedged. But if you
really didn't forget anything, try typing `2' now; then
my insertion and my current dilemma will both disappear.


./figures/serie_harmonique/main.tex:1772: LaTeX Error: \begin{figure} on input 
line 83 ended by \end{document}.

See the LaTeX manual or LaTeX Companion for explanation.
Type  H <return>  for immediate help.
 ...                                              
                                                  
l.1772 \end{document}
                     
Your command was ignored.
Type  I <command> <return>  to replace it with another command,
or  <return>  to continue without it.

(/Users/jh/Dropbox/Musique_sync/Theorie/JH_Methode_guitare/out/main.aux)

Package rerunfilecheck Warning: File `main.out' has changed.
(rerunfilecheck)                Rerun to get outlines right
(rerunfilecheck)                or use package `bookmark'.

Package rerunfilecheck Info: Checksums for `main.out':
(rerunfilecheck)             Before: 38209EAEA3AE0B576BEDD58A3AF088D4;373
(rerunfilecheck)             After:  D41D8CD98F00B204E9800998ECF8427E;0.
./figures/serie_harmonique/main.tex:1772: You can't use `\end' in internal vert
ical mode.
\enddocument ...cument/end}\deadcycles \z@ \@@end 
                                                  
l.1772 \end{document}
                     
Sorry, but I'm not programmed to handle this case;
I'll just pretend that you didn't ask for it.
If you're in the wrong mode, you might be able to
return to the right one by typing `I}' or `I$' or `I\par'.


./figures/serie_harmonique/main.tex:1772: LaTeX Error: \begin{figure} on input 
line 83 ended by \end{document}.

See the LaTeX manual or LaTeX Companion for explanation.
Type  H <return>  for immediate help.
 ...                                              
                                                  
l.1772 \end{document}
                     
Your command was ignored.
Type  I <command> <return>  to replace it with another command,
or  <return>  to continue without it.

./figures/serie_harmonique/main.tex:1772: Missing } inserted.
<inserted text> 
                }
l.1772 \end{document}
                     
I've inserted something that you may have forgotten.
(See the <inserted text> above.)
With luck, this will get me unwedged. But if you
really didn't forget anything, try typing `2' now; then
my insertion and my current dilemma will both disappear.

)
./main.tex:86: Extra }, or forgotten \endgroup.
\Gscale@box ...cale@y {#2}\setbox \z@ \hbox {{#3}}
                                                  \setbox \tw@ \hbox {\Gscal...
l.86 ...\input{figures/serie_harmonique/main.tex}}
                                                  
I've deleted a group-closing symbol because it seems to be
spurious, as in `$x}$'. But perhaps the } is legitimate and
you forgot something else, as in `\hbox{$x}'. In such cases
the way to recover is to insert both the forgotten and the
deleted material, e.g., by typing `I$}'.

./main.tex:86: Undefined control sequence.
<argument> \Gscale@x 
                     
l.86 ...\input{figures/serie_harmonique/main.tex}}
                                                  
The control sequence at the end of the top line
of your error message was never \def'ed. If you have
misspelled it (e.g., `\hobx'), type `I' and the correct
spelling (e.g., `I\hbox'). Otherwise just continue,
and I'll forget about whatever was undefined.

./main.tex:86: Undefined control sequence.
<argument> \Gscale@y 
                     
l.86 ...\input{figures/serie_harmonique/main.tex}}
                                                  
The control sequence at the end of the top line
of your error message was never \def'ed. If you have
misspelled it (e.g., `\hobx'), type `I' and the correct
spelling (e.g., `I\hbox'). Otherwise just continue,
and I'll forget about whatever was undefined.


Package caption Warning: The option `hypcap=true' will be ignored for this
(caption)                particular \caption on input line 87.
See the caption package documentation for explanation.

./main.tex:89: Extra }, or forgotten \endgroup.
\@endfloatbox ...pagefalse \outer@nobreak \egroup 
                                                  \color@endbox 
l.89 \end{figure}
                 
I've deleted a group-closing symbol because it seems to be
spurious, as in `$x}$'. But perhaps the } is legitimate and
you forgot something else, as in `\hbox{$x}'. In such cases
the way to recover is to insert both the forgotten and the
deleted material, e.g., by typing `I$}'.

./main.tex:89: Too many }'s.
\color@endbox ->\color@endgroup \egroup 
                                        
l.89 \end{figure}
                 
You've closed more groups than you opened.
Such booboos are generally harmless, so keep going.


./main.tex:89: LaTeX Error: \begin{document} ended by \end{figure}.

See the LaTeX manual or LaTeX Companion for explanation.
Type  H <return>  for immediate help.
 ...                                              
                                                  
l.89 \end{figure}
                 
Your command was ignored.
Type  I <command> <return>  to replace it with another command,
or  <return>  to continue without it.

./main.tex:89: Extra \endgroup.
<recently read> \endgroup 
                          
l.89 \end{figure}
                 
Things are pretty mixed up, but I think the worst is over.

(./tableaux/harmoniques.tex
Overfull \hbox (61.55048pt too wide) in paragraph at lines 6--40
 [][] 
 []

) (./tableaux/interval.tex
Overfull \hbox (26.36781pt too wide) in paragraph at lines 5--42
[][] 
 []


LaTeX Warning: `!h' float specifier changed to `!ht'.

)
<./figures//Harmonic_entropy.png, id=35, 12045.0pt x 5940.1925pt>
File: ./figures//Harmonic_entropy.png Graphic file (type png)
<use ./figures//Harmonic_entropy.png>
Package pdftex.def Info: ./figures//Harmonic_entropy.png  used on input line 10
7.
(pdftex.def)             Requested size: 361.33441pt x 178.19809pt.

Overfull \hbox (18.55663pt too wide) in paragraph at lines 106--108
 []| [] 
 []


LaTeX Warning: `!h' float specifier changed to `!ht'.

<./figures//battement/main.pdf, id=37, 377.44513pt x 213.17644pt>
File: ./figures//battement/main.pdf Graphic file (type pdf)
<use ./figures//battement/main.pdf>
Package pdftex.def Info: ./figures//battement/main.pdf  used on input line 116.

(pdftex.def)             Requested size: 188.72209pt x 106.58795pt.

LaTeX Warning: `!h' float specifier changed to `!ht'.

[3
\BOOKMARK [1][-]{section.1}{\376\377\000I\000n\000t\000e\000r\000v\000a\000l\00
0s\000:\000\040\000w\000h\000e\000r\000e\000\040\000d\000o\000\040\000n\000o\00
0t\000e\000s\000\040\000c\000o\000m\000e\000\040\000f\000r\000o\000m\000?}{}% 1

\@writefile{toc}{\contentsline {section}{\numberline {1}Intervals: where do not
es come from?}{3}{section.1}\protected@file@percent }
\BOOKMARK [2][-]{subsection.1.1}{\376\377\000H\000a\000r\000m\000o\000n\000i\00
0c\000\040\000s\000e\000r\000i\000e\000s}{section.1}% 2
\@writefile{toc}{\contentsline {subsection}{\numberline {1.1}Harmonic series}{3
}{subsection.1.1}\protected@file@percent }
\@writefile{lof}{\contentsline {figure}{\numberline {1}{\ignorespaces The harmo
nic series\relax }}{3}{figure.1}\protected@file@percent }
\newlabel{fig:serie_harmonique}{{1}{3}{The harmonic series\relax }{figure.1}{}}

\@writefile{lot}{\contentsline {table}{\numberline {1}{\ignorespaces Intervals 
and \relax }}{3}{table.caption.3}\protected@file@percent }
\providecommand*\caption@xref[2]{\@setref\relax\@undefined{#1}}
\newlabel{tab: }{{1}{3}{Intervals and \relax }{table.caption.3}{}}
\BOOKMARK [2][-]{subsection.1.2}{\376\377\000C\000o\000n\000s\000o\000n\000a\00
0n\000c\000e\000\040\000a\000n\000d\000\040\000d\000i\000s\000s\000o\000n\000a\
000n\000c\000e}{section.1}% 3
\@writefile{toc}{\contentsline {subsection}{\numberline {1.2}Consonance and dis
sonance}{3}{subsection.1.2}\protected@file@percent }
]

LaTeX Warning: Text page 4 contains only floats.

[4
\@writefile{lot}{\contentsline {table}{\numberline {2}{\ignorespaces Intervals 
chart in relation to C note. Minor (m or ``-''), major (M or ``maj''), augmente
d (A or ``aug'' or ``$\#$'' or ``$+$'') and diminished (d or ``dim'' or ``b'').
 \relax }}{4}{table.caption.4}\protected@file@percent }
\newlabel{tab: }{{2}{4}{Intervals chart in relation to C note. Minor (m or ``-'
'), major (M or ``maj''), augmented (A or ``aug'' or ``$\#$'' or ``$+$'') and d
iminished (d or ``dim'' or ``b''). \relax }{table.caption.4}{}}
\@writefile{lof}{\contentsline {figure}{\numberline {2}{\ignorespaces Harmonic 
entropy\relax }}{4}{figure.caption.5}\protected@file@percent }
\newlabel{fig}{{2}{4}{Harmonic entropy\relax }{figure.caption.5}{}}
 <./figures//Harmonic_entropy.png>] (./tableaux/gammes.tex
Overfull \hbox (122.29149pt too wide) in paragraph at lines 5--154
[][]
 []


LaTeX Warning: `!h' float specifier changed to `!ht'.

) [5
\@writefile{lof}{\contentsline {figure}{\numberline {3}{\ignorespaces Beat tone
\relax }}{5}{figure.caption.6}\protected@file@percent }
\newlabel{fig}{{3}{5}{Beat tone\relax }{figure.caption.6}{}}
\BOOKMARK [1][-]{section.2}{\376\377\000S\000c\000a\000l\000e\000s}{}% 4
\@writefile{toc}{\contentsline {section}{\numberline {2}Scales}{5}{section.2}\p
rotected@file@percent }
 <./figures//battement/main.pdf>]
<./figures//gamme_majeure_manche/main.pdf, id=89, 821.5513pt x 213.29488pt>
File: ./figures//gamme_majeure_manche/main.pdf Graphic file (type pdf)
<use ./figures//gamme_majeure_manche/main.pdf>
Package pdftex.def Info: ./figures//gamme_majeure_manche/main.pdf  used on inpu
t line 147.
(pdftex.def)             Requested size: 451.85461pt x 117.31253pt.

Overfull \hbox (52.17133pt too wide) in paragraph at lines 146--148
 []|  [] 
 []


LaTeX Warning: `!h' float specifier changed to `!ht'.

[6
\@writefile{lot}{\contentsline {table}{\numberline {3}{\ignorespaces Scales for
mula (relative to the major scale)\relax }}{6}{table.caption.7}\protected@file@
percent }
\newlabel{tab: }{{3}{6}{Scales formula (relative to the major scale)\relax }{ta
ble.caption.7}{}}
\BOOKMARK [2][-]{subsection.2.1}{\376\377\000M\000a\000j\000o\000r\000\040\000s
\000c\000a\000l\000e}{section.2}% 5
\@writefile{toc}{\contentsline {subsection}{\numberline {2.1}Major scale}{6}{su
bsection.2.1}\protected@file@percent }
]
<./figures//gamme_penta_manche/main.pdf, id=99, 821.5513pt x 187.30678pt>
File: ./figures//gamme_penta_manche/main.pdf Graphic file (type pdf)
<use ./figures//gamme_penta_manche/main.pdf>
Package pdftex.def Info: ./figures//gamme_penta_manche/main.pdf  used on input 
line 158.
(pdftex.def)             Requested size: 451.85461pt x 103.01903pt.

Overfull \hbox (52.17133pt too wide) in paragraph at lines 157--159
 []|  [] 
 []

[7
\@writefile{lof}{\contentsline {figure}{\numberline {4}{\ignorespaces G Major s
cale on the fretboard\relax }}{7}{figure.caption.8}\protected@file@percent }
\newlabel{fig:gamme_majeure_manche}{{4}{7}{G Major scale on the fretboard\relax
 }{figure.caption.8}{}}
\BOOKMARK [2][-]{subsection.2.2}{\376\377\000P\000e\000n\000t\000a\000t\000o\00
0n\000i\000c\000\040\000s\000c\000a\000l\000e}{section.2}% 6
\@writefile{toc}{\contentsline {subsection}{\numberline {2.2}Pentatonic scale}{
7}{subsection.2.2}\protected@file@percent }
\@writefile{lof}{\contentsline {figure}{\numberline {5}{\ignorespaces Pattern o
f pentatonic scales\relax }}{7}{figure.caption.9}\protected@file@percent }
\newlabel{fig:gammme_penta_manche}{{5}{7}{Pattern of pentatonic scales\relax }{
figure.caption.9}{}}
 <./figures//gamme_majeure_manche/main.pdf> <./figures//gamme_penta_manche/main
.pdf>] (./figures/blues/penta_mineur.tex) [8
\BOOKMARK [2][-]{subsection.2.3}{\376\377\000B\000l\000u\000e\000s}{section.2}%
 7
\@writefile{toc}{\contentsline {subsection}{\numberline {2.3}Blues}{8}{subsecti
on.2.3}\protected@file@percent }
\@writefile{lot}{\contentsline {table}{\numberline {4}{\ignorespaces Blues scal
es (relative to the major scale)\relax }}{8}{table.caption.10}\protected@file@p
ercent }
\newlabel{tab: }{{4}{8}{Blues scales (relative to the major scale)\relax }{tabl
e.caption.10}{}}
\@writefile{lot}{\contentsline {table}{\numberline {5}{\ignorespaces 12 bar blu
es in C major\relax }}{8}{table.caption.11}\protected@file@percent }
\newlabel{tab: }{{5}{8}{12 bar blues in C major\relax }{table.caption.11}{}}
\@writefile{lof}{\contentsline {figure}{\numberline {6}{\ignorespaces  \relax }
}{8}{figure.caption.12}\protected@file@percent }
\newlabel{fig:blues_penta_mineur}{{6}{8}{\relax }{figure.caption.12}{}}
] [9
\BOOKMARK [1][-]{section.3}{\376\377\000C\000h\000o\000r\000d\000s}{}% 8
\@writefile{toc}{\contentsline {section}{\numberline {3}Chords}{9}{section.3}\p
rotected@file@percent }
] (./tableaux/accords.tex) [10
\BOOKMARK [2][-]{subsection.3.1}{\376\377\000F\000o\000r\000m\000a\000t\000i\00
0o\000n\000\040\000o\000f\000\040\000c\000h\000o\000r\000d\000s}{section.3}% 9
\@writefile{toc}{\contentsline {subsection}{\numberline {3.1}Formation of chord
s}{10}{subsection.3.1}\protected@file@percent }
\@writefile{lot}{\contentsline {table}{\numberline {6}{\ignorespaces Constructi
on of chords (notation is relative to the major scale)\relax }}{10}{table.capti
on.13}\protected@file@percent }
\newlabel{tab: }{{6}{10}{Construction of chords (notation is relative to the ma
jor scale)\relax }{table.caption.13}{}}
]
<figures/chord-inversions/maj7.pdf, id=178, 634.1pt x 163.85716pt>
File: figures/chord-inversions/maj7.pdf Graphic file (type pdf)
<use figures/chord-inversions/maj7.pdf>
Package pdftex.def Info: figures/chord-inversions/maj7.pdf  used on input line 
242.
(pdftex.def)             Requested size: 443.86697pt x 114.6992pt.
<figures/chord-inversions/Dominant7.pdf, id=180, 634.1pt x 163.85716pt>
File: figures/chord-inversions/Dominant7.pdf Graphic file (type pdf)
<use figures/chord-inversions/Dominant7.pdf>
Package pdftex.def Info: figures/chord-inversions/Dominant7.pdf  used on input 
line 244.
(pdftex.def)             Requested size: 443.86697pt x 114.6992pt.
<figures/chord-inversions/m7.pdf, id=182, 634.1pt x 163.85716pt>
File: figures/chord-inversions/m7.pdf Graphic file (type pdf)
<use figures/chord-inversions/m7.pdf>
Package pdftex.def Info: figures/chord-inversions/m7.pdf  used on input line 24
6.
(pdftex.def)             Requested size: 443.86697pt x 114.6992pt.

Overfull \hbox (38.49323pt too wide) in paragraph at lines 241--247
 []|  [] 
 []


Overfull \hbox (38.49323pt too wide) in paragraph at lines 241--247
 |  [] 
 []


Overfull \hbox (38.49323pt too wide) in paragraph at lines 241--247
 |  [] 
 []

[11
\BOOKMARK [2][-]{subsection.3.2}{\376\377\000C\000h\000o\000r\000d\000\040\000i
\000n\000v\000e\000r\000s\000i\000o\000n\000s}{section.3}% 10
\@writefile{toc}{\contentsline {subsection}{\numberline {3.2}Chord inversions}{
11}{subsection.3.2}\protected@file@percent }
\@writefile{lof}{\contentsline {figure}{\numberline {7}{\ignorespaces  \relax }
}{11}{figure.caption.14}\protected@file@percent }
\newlabel{fig}{{7}{11}{\relax }{figure.caption.14}{}}
 <./figures/chord-inversions/maj7.pdf> <./figures/chord-inversions/Dominant7.pd
f> <./figures/chord-inversions/m7.pdf>] (./tableaux/Progression_accord.tex
Overfull \hbox (103.56494pt too wide) in paragraph at lines 6--33
[][] 
 []

) [12
\BOOKMARK [2][-]{subsection.3.3}{\376\377\000C\000h\000o\000r\000d\000\040\000p
\000r\000o\000g\000r\000e\000s\000s\000i\000o\000n\000\040\000a\000n\000d\000\0
40\000e\000x\000a\000m\000p\000l\000e}{section.3}% 11
\@writefile{toc}{\contentsline {subsection}{\numberline {3.3}Chord progression 
and example}{12}{subsection.3.3}\protected@file@percent }
\@writefile{lot}{\contentsline {table}{\numberline {7}{\ignorespaces Famous cho
rd progressions\relax }}{12}{table.caption.15}\protected@file@percent }
\newlabel{tab:}{{7}{12}{Famous chord progressions\relax }{table.caption.15}{}}
]
<./figures//Circle_5th.png, id=226, 738.76pt x 738.76pt>
File: ./figures//Circle_5th.png Graphic file (type png)
<use ./figures//Circle_5th.png>
Package pdftex.def Info: ./figures//Circle_5th.png  used on input line 293.
(pdftex.def)             Requested size: 221.6297pt x 221.6297pt.
 [13
\@writefile{lof}{\contentsline {figure}{\numberline {8}{\ignorespaces  \relax }
}{13}{figure.caption.16}\protected@file@percent }
\newlabel{fig}{{8}{13}{\relax }{figure.caption.16}{}}
 <./figures//Circle_5th.png>] [14] (./tableaux/modes.tex
Overfull \hbox (85.69019pt too wide) in paragraph at lines 5--28
[][]
 []

) (./tableaux/gammes_harmonisee.tex)
Overfull \hbox (12.75089pt too wide) in paragraph at lines 315--316
[]\OT1/cmr/m/n/10 Ionian (Joy), do-rian(Jazz), phry-gian(flamenco,doom), ly-dia
n (floaty,mystery)
 []

[15
\BOOKMARK [1][-]{section.4}{\376\377\000M\000o\000d\000e\000s}{}% 12
\@writefile{toc}{\contentsline {section}{\numberline {4}Modes}{15}{section.4}\p
rotected@file@percent }
\@writefile{lot}{\contentsline {table}{\numberline {8}{\ignorespaces Table of m
odes \relax }}{15}{table.caption.17}\protected@file@percent }
\newlabel{tab: }{{8}{15}{Table of modes \relax }{table.caption.17}{}}
\@writefile{lot}{\contentsline {table}{\numberline {9}{\ignorespaces harmonizat
ion of scales\relax }}{15}{table.caption.18}\protected@file@percent }
\newlabel{tab: }{{9}{15}{harmonization of scales\relax }{table.caption.18}{}}
] [16]
<./figures//Arpeges/maj7_chords.pdf, id=254, 634.1pt x 169.89874pt>
File: ./figures//Arpeges/maj7_chords.pdf Graphic file (type pdf)
<use ./figures//Arpeges/maj7_chords.pdf>
Package pdftex.def Info: ./figures//Arpeges/maj7_chords.pdf  used on input line
 330.
(pdftex.def)             Requested size: 298.75394pt x 80.04684pt.
<./figures//Arpeges/2notes_maj7_chords.pdf, id=256, 634.1pt x 163.85716pt>
File: ./figures//Arpeges/2notes_maj7_chords.pdf Graphic file (type pdf)
<use ./figures//Arpeges/2notes_maj7_chords.pdf>
Package pdftex.def Info: ./figures//Arpeges/2notes_maj7_chords.pdf  used on inp
ut line 332.
(pdftex.def)             Requested size: 298.75394pt x 77.20038pt.

Overfull \hbox (116.91075pt too wide) in paragraph at lines 329--333
[]|  [] |  [] 
 []

<./figures//Arpeges/dom7_chords.pdf, id=258, 634.1pt x 169.89874pt>
File: ./figures//Arpeges/dom7_chords.pdf Graphic file (type pdf)
<use ./figures//Arpeges/dom7_chords.pdf>
Package pdftex.def Info: ./figures//Arpeges/dom7_chords.pdf  used on input line
 335.
(pdftex.def)             Requested size: 298.75394pt x 80.04684pt.
<./figures//Arpeges/2notes_dom7_chords.pdf, id=260, 634.1pt x 163.85716pt>
File: ./figures//Arpeges/2notes_dom7_chords.pdf Graphic file (type pdf)
<use ./figures//Arpeges/2notes_dom7_chords.pdf>
Package pdftex.def Info: ./figures//Arpeges/2notes_dom7_chords.pdf  used on inp
ut line 337.
(pdftex.def)             Requested size: 298.75394pt x 77.20038pt.

Overfull \hbox (116.91075pt too wide) in paragraph at lines 334--338
[]|  [] |  [] 
 []

<./figures//Arpeges/m7_chords.pdf, id=262, 634.1pt x 169.89874pt>
File: ./figures//Arpeges/m7_chords.pdf Graphic file (type pdf)
<use ./figures//Arpeges/m7_chords.pdf>
Package pdftex.def Info: ./figures//Arpeges/m7_chords.pdf  used on input line 3
40.
(pdftex.def)             Requested size: 298.75394pt x 80.04684pt.
<./figures//Arpeges/2notes_m7_chords.pdf, id=264, 634.1pt x 163.85716pt>
File: ./figures//Arpeges/2notes_m7_chords.pdf Graphic file (type pdf)
<use ./figures//Arpeges/2notes_m7_chords.pdf>
Package pdftex.def Info: ./figures//Arpeges/2notes_m7_chords.pdf  used on input
 line 342.
(pdftex.def)             Requested size: 298.75394pt x 77.20038pt.

Overfull \hbox (116.91075pt too wide) in paragraph at lines 339--343
[]|  [] |  [] 
 []

<./figures//Arpeges/m7b5_chords.pdf, id=266, 634.1pt x 169.89874pt>
File: ./figures//Arpeges/m7b5_chords.pdf Graphic file (type pdf)
<use ./figures//Arpeges/m7b5_chords.pdf>
Package pdftex.def Info: ./figures//Arpeges/m7b5_chords.pdf  used on input line
 345.
(pdftex.def)             Requested size: 298.75394pt x 80.04684pt.
<./figures//Arpeges/2notes_m7b5_chords.pdf, id=268, 634.1pt x 163.85716pt>
File: ./figures//Arpeges/2notes_m7b5_chords.pdf Graphic file (type pdf)
<use ./figures//Arpeges/2notes_m7b5_chords.pdf>
Package pdftex.def Info: ./figures//Arpeges/2notes_m7b5_chords.pdf  used on inp
ut line 347.
(pdftex.def)             Requested size: 298.75394pt x 77.20038pt.

Overfull \hbox (116.91075pt too wide) in paragraph at lines 344--348
[]|  [] |  [] 
 []

[17
\BOOKMARK [1][-]{section.5}{\376\377\000A\000r\000p\000e\000g\000g\000i\000o\00
0s}{}% 13
\@writefile{toc}{\contentsline {section}{\numberline {5}Arpeggios}{17}{section.
5}\protected@file@percent }
\@writefile{lot}{\contentsline {table}{\numberline {10}{\ignorespaces G arpeggi
o\relax }}{17}{table.caption.19}\protected@file@percent }
\newlabel{fig}{{10}{17}{G arpeggio\relax }{table.caption.19}{}}
 <./figures//Arpeges/maj7_chords.pdf> <./figures//Arpeges/2notes_maj7_chords.pd
f> <./figures//Arpeges/dom7_chords.pdf> <./figures//Arpeges/2notes_dom7_chords.
pdf> <./figures//Arpeges/m7_chords.pdf> <./figures//Arpeges/2notes_m7_chords.pd
f> <./figures//Arpeges/m7b5_chords.pdf> <./figures//Arpeges/2notes_m7b5_chords.
pdf>] [18
\BOOKMARK [1][-]{section.6}{\376\377\000T\000r\000a\000n\000s\000p\000o\000s\00
0i\000t\000i\000o\000n}{}% 14
\@writefile{toc}{\contentsline {section}{\numberline {6}Transposition}{18}{sect
ion.6}\protected@file@percent }
] [19
\BOOKMARK [1][-]{section.7}{\376\377\000C\000o\000m\000p\000o\000s\000i\000t\00
0i\000o\000n\000\040\000v\000a\000r\000i\000a\000t\000i\000o\000n\000\040\000\0
50\000S\000h\000r\000e\000d\000\040\000M\000a\000s\000t\000e\000r\000\040\000S\
000c\000o\000t\000t\000\051}{}% 15
\@writefile{toc}{\contentsline {section}{\numberline {7}Composition variation (
Shred Master Scott)}{19}{section.7}\protected@file@percent }
]
\bibstyle{plain}
\bibdata{/home/jh/Documents/library.bib}
(/Users/jh/Dropbox/Musique_sync/Theorie/JH_Methode_guitare/out/main.bbl

LaTeX Warning: Empty `thebibliography' environment on input line 3.

) [20]
pdfTeX warning (\pdfobj): invalid object number being ignored

pdfTeX warning (\pdfobj): invalid object number being ignored

pdfTeX warning (\pdfobj): invalid object number being ignored
\gdef \@abspage@last{20}
(/Users/jh/Dropbox/Musique_sync/Theorie/JH_Methode_guitare/out/main.aux)

Package rerunfilecheck Warning: File `main.out' has changed.
(rerunfilecheck)                Rerun to get outlines right
(rerunfilecheck)                or use package `bookmark'.

Package rerunfilecheck Info: Checksums for `main.out':
(rerunfilecheck)             Before: 38209EAEA3AE0B576BEDD58A3AF088D4;373
(rerunfilecheck)             After:  D41D8CD98F00B204E9800998ECF8427E;0.
 ) 
Here is how much of TeX's memory you used:
 32811 strings out of 478994
 765236 string characters out of 5858183
 1459417 words of memory out of 5000000
 49669 multiletter control sequences out of 15000+600000
 413474 words of font info for 66 fonts, out of 8000000 for 9000
 1141 hyphenation exceptions out of 8191
 102i,14n,103p,766b,2584s stack positions out of 5000i,500n,10000p,200000b,80000s
{/usr/local/texlive/2021/texmf-dist/fonts/enc/dvips/cm-super/cm-super-ts1.enc
}</usr/local/texlive/2021/texmf-dist/fonts/type1/public/amsfonts/cm/cmbx10.pfb>
</usr/local/texlive/2021/texmf-dist/fonts/type1/public/amsfonts/cm/cmbx12.pfb><
/usr/local/texlive/2021/texmf-dist/fonts/type1/public/amsfonts/cm/cmcsc10.pfb><
/usr/local/texlive/2021/texmf-dist/fonts/type1/public/amsfonts/cm/cmmi10.pfb></
usr/local/texlive/2021/texmf-dist/fonts/type1/public/amsfonts/cm/cmmi7.pfb></us
r/local/texlive/2021/texmf-dist/fonts/type1/public/amsfonts/cm/cmr10.pfb></usr/
local/texlive/2021/texmf-dist/fonts/type1/public/amsfonts/cm/cmr12.pfb></usr/lo
cal/texlive/2021/texmf-dist/fonts/type1/public/amsfonts/cm/cmr17.pfb></usr/loca
l/texlive/2021/texmf-dist/fonts/type1/public/amsfonts/cm/cmr5.pfb></usr/local/t
exlive/2021/texmf-dist/fonts/type1/public/amsfonts/cm/cmr6.pfb></usr/local/texl
ive/2021/texmf-dist/fonts/type1/public/amsfonts/cm/cmr7.pfb></usr/local/texlive
/2021/texmf-dist/fonts/type1/public/amsfonts/cm/cmr8.pfb></usr/local/texlive/20
21/texmf-dist/fonts/type1/public/amsfonts/cm/cmsy10.pfb></usr/local/texlive/202
1/texmf-dist/fonts/type1/public/amsfonts/cm/cmsy7.pfb></usr/local/texlive/2021/
texmf-dist/fonts/type1/public/amsfonts/cm/cmsy8.pfb></usr/local/texlive/2021/te
xmf-dist/fonts/type1/public/amsfonts/symbols/msbm10.pfb></usr/local/texlive/202
1/texmf-dist/fonts/type1/public/amsfonts/symbols/msbm7.pfb></usr/local/texlive/
2021/texmf-dist/fonts/type1/public/cm-super/sfrm1000.pfb>
Output written on /Users/jh/Dropbox/Musique_sync/Theorie/JH_Methode_guitare/out
/main.pdf (20 pages, 611285 bytes).
PDF statistics:
 537 PDF objects out of 1000 (max. 8388607)
 369 compressed objects within 4 object streams
 56 named destinations out of 1000 (max. 500000)
 217 words of extra memory for PDF output out of 10000 (max. 10000000)

